# JRE version: OpenJDK Runtime Environment GraalVM CE 22.3.0 (17.0.5+8) (build 17.0.5+8-jvmci-22.3-b08)
# Java VM: OpenJDK 64-Bit Server VM GraalVM CE 22.3.0 (17.0.5+8-jvmci-22.3-b08, mixed mode, sharing, tiered, jvmci, jvmci compiler, compressed oops, compressed class ptrs, parallel gc, linux-amd64)
GC Precious Log:
 CPUs: 8 total, 1 available
 Memory: 1792M
 Large Page Support: Disabled
 NUMA Support: Disabled
 Compressed Oops: Enabled (32-bit)
 Alignments: Space 512K, Generation 512K, Heap 2M
 Heap Min Capacity: 100M
 Heap Initial Capacity: 100M
 Heap Max Capacity: 512M
 Pre-touch: Disabled
 Parallel Workers: 1
Heap:
 PSYoungGen      total 39936K, used 29184K [0x00000000f5580000, 0x00000000f8900000, 0x0000000100000000)
  eden space 29184K, 100% used [0x00000000f5580000,0x00000000f7200000,0x00000000f7200000)
  from space 10752K, 0% used [0x00000000f7200000,0x00000000f7200000,0x00000000f7c80000)
  to   space 7168K, 0% used [0x00000000f8000000,0x00000000f8000000,0x00000000f8700000)
 ParOldGen       total 349696K, used 349695K [0x00000000e0000000, 0x00000000f5580000, 0x00000000f5580000)
  object space 349696K, 99% used [0x00000000e0000000,0x00000000f557fff8,0x00000000f5580000)
 Metaspace       used 58956K, committed 60160K, reserved 1105920K
  class space    used 5537K, committed 6016K, reserved 1048576K
GC Heap History (20 events):
Event: 526.755 GC heap before
{Heap before GC invocations=284 (full 170):
 PSYoungGen      total 39936K, used 29184K [0x00000000f5580000, 0x00000000f8900000, 0x0000000100000000)
  eden space 29184K, 100% used [0x00000000f5580000,0x00000000f7200000,0x00000000f7200000)
  from space 10752K, 0% used [0x00000000f7200000,0x00000000f7200000,0x00000000f7c80000)
  to   space 7168K, 0% used [0x00000000f8000000,0x00000000f8000000,0x00000000f8700000)
 ParOldGen       total 349696K, used 349695K [0x00000000e0000000, 0x00000000f5580000, 0x00000000f5580000)
  object space 349696K, 99% used [0x00000000e0000000,0x00000000f557ff68,0x00000000f5580000)
 Metaspace       used 58956K, committed 60160K, reserved 1105920K
  class space    used 5537K, committed 6016K, reserved 1048576K
}
Event: 528.273 GC heap after
{Heap after GC invocations=284 (full 170):
 PSYoungGen      total 36352K, used 29183K [0x00000000f5580000, 0x00000000f8900000, 0x0000000100000000)
  eden space 29184K, 99% used [0x00000000f5580000,0x00000000f71ffff0,0x00000000f7200000)
  from space 7168K, 0% used [0x00000000f8000000,0x00000000f8000000,0x00000000f8700000)
  to   space 10752K, 0% used [0x00000000f7200000,0x00000000f7200000,0x00000000f7c80000)
 ParOldGen       total 349696K, used 349695K [0x00000000e0000000, 0x00000000f5580000, 0x00000000f5580000)
  object space 349696K, 99% used [0x00000000e0000000,0x00000000f557ff68,0x00000000f5580000)
 Metaspace       used 58956K, committed 60160K, reserved 1105920K
  class space    used 5537K, committed 6016K, reserved 1048576K
}
Event: 528.274 GC heap before
{Heap before GC invocations=285 (full 171):
 PSYoungGen      total 36352K, used 29183K [0x00000000f5580000, 0x00000000f8900000, 0x0000000100000000)
  eden space 29184K, 99% used [0x00000000f5580000,0x00000000f71ffff0,0x00000000f7200000)
  from space 7168K, 0% used [0x00000000f8000000,0x00000000f8000000,0x00000000f8700000)
  to   space 10752K, 0% used [0x00000000f7200000,0x00000000f7200000,0x00000000f7c80000)
 ParOldGen       total 349696K, used 349695K [0x00000000e0000000, 0x00000000f5580000, 0x00000000f5580000)
  object space 349696K, 99% used [0x00000000e0000000,0x00000000f557ffe8,0x00000000f5580000)
 Metaspace       used 58956K, committed 60160K, reserved 1105920K
  class space    used 5537K, committed 6016K, reserved 1048576K
}
Event: 530.272 GC heap after
{Heap after GC invocations=285 (full 171):
 PSYoungGen      total 39936K, used 29183K [0x00000000f5580000, 0x00000000f8900000, 0x0000000100000000)
  eden space 29184K, 99% used [0x00000000f5580000,0x00000000f71fffd8,0x00000000f7200000)
  from space 10752K, 0% used [0x00000000f7200000,0x00000000f7200000,0x00000000f7c80000)
  to   space 7168K, 0% used [0x00000000f8000000,0x00000000f8000000,0x00000000f8700000)
 ParOldGen       total 349696K, used 349695K [0x00000000e0000000, 0x00000000f5580000, 0x00000000f5580000)
  object space 349696K, 99% used [0x00000000e0000000,0x00000000f557ffe8,0x00000000f5580000)
 Metaspace       used 58956K, committed 60160K, reserved 1105920K
  class space    used 5537K, committed 6016K, reserved 1048576K
}
Event: 530.272 GC heap before
{Heap before GC invocations=286 (full 172):
 PSYoungGen      total 39936K, used 29183K [0x00000000f5580000, 0x00000000f8900000, 0x0000000100000000)
  eden space 29184K, 99% used [0x00000000f5580000,0x00000000f71fffd8,0x00000000f7200000)
  from space 10752K, 0% used [0x00000000f7200000,0x00000000f7200000,0x00000000f7c80000)
  to   space 7168K, 0% used [0x00000000f8000000,0x00000000f8000000,0x00000000f8700000)
 ParOldGen       total 349696K, used 349695K [0x00000000e0000000, 0x00000000f5580000, 0x00000000f5580000)
  object space 349696K, 99% used [0x00000000e0000000,0x00000000f557ffe8,0x00000000f5580000)
 Metaspace       used 58956K, committed 60160K, reserved 1105920K
  class space    used 5537K, committed 6016K, reserved 1048576K
}
Event: 532.300 GC heap after
{Heap after GC invocations=286 (full 172):
 PSYoungGen      total 36352K, used 29183K [0x00000000f5580000, 0x00000000f8900000, 0x0000000100000000)
  eden space 29184K, 99% used [0x00000000f5580000,0x00000000f71fffd8,0x00000000f7200000)
  from space 7168K, 0% used [0x00000000f8000000,0x00000000f8000000,0x00000000f8700000)
  to   space 10752K, 0% used [0x00000000f7200000,0x00000000f7200000,0x00000000f7c80000)
 ParOldGen       total 349696K, used 349695K [0x00000000e0000000, 0x00000000f5580000, 0x00000000f5580000)
  object space 349696K, 99% used [0x00000000e0000000,0x00000000f557ffe8,0x00000000f5580000)
 Metaspace       used 58956K, committed 60160K, reserved 1105920K
  class space    used 5537K, committed 6016K, reserved 1048576K
}
Event: 532.300 GC heap before
{Heap before GC invocations=287 (full 173):
 PSYoungGen      total 36352K, used 29183K [0x00000000f5580000, 0x00000000f8900000, 0x0000000100000000)
  eden space 29184K, 99% used [0x00000000f5580000,0x00000000f71fffe8,0x00000000f7200000)
  from space 7168K, 0% used [0x00000000f8000000,0x00000000f8000000,0x00000000f8700000)
  to   space 10752K, 0% used [0x00000000f7200000,0x00000000f7200000,0x00000000f7c80000)
 ParOldGen       total 349696K, used 349695K [0x00000000e0000000, 0x00000000f5580000, 0x00000000f5580000)
  object space 349696K, 99% used [0x00000000e0000000,0x00000000f557ffe8,0x00000000f5580000)
 Metaspace       used 58956K, committed 60160K, reserved 1105920K
  class space    used 5537K, committed 6016K, reserved 1048576K
}
Event: 534.212 GC heap after
{Heap after GC invocations=287 (full 173):
 PSYoungGen      total 39936K, used 29183K [0x00000000f5580000, 0x00000000f8900000, 0x0000000100000000)
  eden space 29184K, 99% used [0x00000000f5580000,0x00000000f71fffe8,0x00000000f7200000)
  from space 10752K, 0% used [0x00000000f7200000,0x00000000f7200000,0x00000000f7c80000)
  to   space 7168K, 0% used [0x00000000f8000000,0x00000000f8000000,0x00000000f8700000)
 ParOldGen       total 349696K, used 349695K [0x00000000e0000000, 0x00000000f5580000, 0x00000000f5580000)
  object space 349696K, 99% used [0x00000000e0000000,0x00000000f557ffe8,0x00000000f5580000)
 Metaspace       used 58956K, committed 60160K, reserved 1105920K
  class space    used 5537K, committed 6016K, reserved 1048576K
}
Event: 534.212 GC heap before
{Heap before GC invocations=288 (full 174):
 PSYoungGen      total 39936K, used 29183K [0x00000000f5580000, 0x00000000f8900000, 0x0000000100000000)
  eden space 29184K, 99% used [0x00000000f5580000,0x00000000f71fffe8,0x00000000f7200000)
  from space 10752K, 0% used [0x00000000f7200000,0x00000000f7200000,0x00000000f7c80000)
  to   space 7168K, 0% used [0x00000000f8000000,0x00000000f8000000,0x00000000f8700000)
 ParOldGen       total 349696K, used 349695K [0x00000000e0000000, 0x00000000f5580000, 0x00000000f5580000)
  object space 349696K, 99% used [0x00000000e0000000,0x00000000f557ffe8,0x00000000f5580000)
 Metaspace       used 58956K, committed 60160K, reserved 1105920K
  class space    used 5537K, committed 6016K, reserved 1048576K
}
Event: 536.165 GC heap after
{Heap after GC invocations=288 (full 174):
 PSYoungGen      total 36352K, used 29183K [0x00000000f5580000, 0x00000000f8900000, 0x0000000100000000)
  eden space 29184K, 99% used [0x00000000f5580000,0x00000000f71fffe8,0x00000000f7200000)
  from space 7168K, 0% used [0x00000000f8000000,0x00000000f8000000,0x00000000f8700000)
  to   space 10752K, 0% used [0x00000000f7200000,0x00000000f7200000,0x00000000f7c80000)
 ParOldGen       total 349696K, used 349695K [0x00000000e0000000, 0x00000000f5580000, 0x00000000f5580000)
  object space 349696K, 99% used [0x00000000e0000000,0x00000000f557ffe8,0x00000000f5580000)
 Metaspace       used 58956K, committed 60160K, reserved 1105920K
  class space    used 5537K, committed 6016K, reserved 1048576K
}
Event: 536.166 GC heap before
{Heap before GC invocations=289 (full 175):
 PSYoungGen      total 36352K, used 29183K [0x00000000f5580000, 0x00000000f8900000, 0x0000000100000000)
  eden space 29184K, 99% used [0x00000000f5580000,0x00000000f71ffff8,0x00000000f7200000)
  from space 7168K, 0% used [0x00000000f8000000,0x00000000f8000000,0x00000000f8700000)
  to   space 10752K, 0% used [0x00000000f7200000,0x00000000f7200000,0x00000000f7c80000)
 ParOldGen       total 349696K, used 349695K [0x00000000e0000000, 0x00000000f5580000, 0x00000000f5580000)
  object space 349696K, 99% used [0x00000000e0000000,0x00000000f557fff8,0x00000000f5580000)
 Metaspace       used 58956K, committed 60160K, reserved 1105920K
  class space    used 5537K, committed 6016K, reserved 1048576K
}
Event: 538.057 GC heap after
{Heap after GC invocations=289 (full 175):
 PSYoungGen      total 39936K, used 29183K [0x00000000f5580000, 0x00000000f8900000, 0x0000000100000000)
  eden space 29184K, 99% used [0x00000000f5580000,0x00000000f71fffd8,0x00000000f7200000)
  from space 10752K, 0% used [0x00000000f7200000,0x00000000f7200000,0x00000000f7c80000)
  to   space 7168K, 0% used [0x00000000f8000000,0x00000000f8000000,0x00000000f8700000)
 ParOldGen       total 349696K, used 349695K [0x00000000e0000000, 0x00000000f5580000, 0x00000000f5580000)
  object space 349696K, 99% used [0x00000000e0000000,0x00000000f557fc98,0x00000000f5580000)
 Metaspace       used 58956K, committed 60160K, reserved 1105920K
  class space    used 5537K, committed 6016K, reserved 1048576K
}
Event: 538.058 GC heap before
{Heap before GC invocations=290 (full 176):
 PSYoungGen      total 39936K, used 29183K [0x00000000f5580000, 0x00000000f8900000, 0x0000000100000000)
  eden space 29184K, 99% used [0x00000000f5580000,0x00000000f71ffff8,0x00000000f7200000)
  from space 10752K, 0% used [0x00000000f7200000,0x00000000f7200000,0x00000000f7c80000)
  to   space 7168K, 0% used [0x00000000f8000000,0x00000000f8000000,0x00000000f8700000)
 ParOldGen       total 349696K, used 349695K [0x00000000e0000000, 0x00000000f5580000, 0x00000000f5580000)
  object space 349696K, 99% used [0x00000000e0000000,0x00000000f557fc98,0x00000000f5580000)
 Metaspace       used 58956K, committed 60160K, reserved 1105920K
  class space    used 5537K, committed 6016K, reserved 1048576K
}
Event: 540.155 GC heap after
{Heap after GC invocations=290 (full 176):
 PSYoungGen      total 36352K, used 29183K [0x00000000f5580000, 0x00000000f8900000, 0x0000000100000000)
  eden space 29184K, 99% used [0x00000000f5580000,0x00000000f71fffd8,0x00000000f7200000)
  from space 7168K, 0% used [0x00000000f8000000,0x00000000f8000000,0x00000000f8700000)
  to   space 10752K, 0% used [0x00000000f7200000,0x00000000f7200000,0x00000000f7c80000)
 ParOldGen       total 349696K, used 349695K [0x00000000e0000000, 0x00000000f5580000, 0x00000000f5580000)
  object space 349696K, 99% used [0x00000000e0000000,0x00000000f557fc78,0x00000000f5580000)
 Metaspace       used 58956K, committed 60160K, reserved 1105920K
  class space    used 5537K, committed 6016K, reserved 1048576K
}
Event: 540.156 GC heap before
{Heap before GC invocations=291 (full 177):
 PSYoungGen      total 36352K, used 29183K [0x00000000f5580000, 0x00000000f8900000, 0x0000000100000000)
  eden space 29184K, 99% used [0x00000000f5580000,0x00000000f71ffff8,0x00000000f7200000)
  from space 7168K, 0% used [0x00000000f8000000,0x00000000f8000000,0x00000000f8700000)
  to   space 10752K, 0% used [0x00000000f7200000,0x00000000f7200000,0x00000000f7c80000)
 ParOldGen       total 349696K, used 349695K [0x00000000e0000000, 0x00000000f5580000, 0x00000000f5580000)
  object space 349696K, 99% used [0x00000000e0000000,0x00000000f557fc78,0x00000000f5580000)
 Metaspace       used 58956K, committed 60160K, reserved 1105920K
  class space    used 5537K, committed 6016K, reserved 1048576K
}
Event: 542.256 GC heap after
{Heap after GC invocations=291 (full 177):
 PSYoungGen      total 39936K, used 29183K [0x00000000f5580000, 0x00000000f8900000, 0x0000000100000000)
  eden space 29184K, 99% used [0x00000000f5580000,0x00000000f71fffd8,0x00000000f7200000)
  from space 10752K, 0% used [0x00000000f7200000,0x00000000f7200000,0x00000000f7c80000)
  to   space 7168K, 0% used [0x00000000f8000000,0x00000000f8000000,0x00000000f8700000)
 ParOldGen       total 349696K, used 349695K [0x00000000e0000000, 0x00000000f5580000, 0x00000000f5580000)
  object space 349696K, 99% used [0x00000000e0000000,0x00000000f557fc58,0x00000000f5580000)
 Metaspace       used 58956K, committed 60160K, reserved 1105920K
  class space    used 5537K, committed 6016K, reserved 1048576K
}
Event: 542.256 GC heap before
{Heap before GC invocations=292 (full 178):
 PSYoungGen      total 39936K, used 29183K [0x00000000f5580000, 0x00000000f8900000, 0x0000000100000000)
  eden space 29184K, 99% used [0x00000000f5580000,0x00000000f71ffff8,0x00000000f7200000)
  from space 10752K, 0% used [0x00000000f7200000,0x00000000f7200000,0x00000000f7c80000)
  to   space 7168K, 0% used [0x00000000f8000000,0x00000000f8000000,0x00000000f8700000)
 ParOldGen       total 349696K, used 349695K [0x00000000e0000000, 0x00000000f5580000, 0x00000000f5580000)
  object space 349696K, 99% used [0x00000000e0000000,0x00000000f557fdf0,0x00000000f5580000)
 Metaspace       used 58956K, committed 60160K, reserved 1105920K
  class space    used 5537K, committed 6016K, reserved 1048576K
}
Event: 543.956 GC heap after
{Heap after GC invocations=292 (full 178):
 PSYoungGen      total 36352K, used 29183K [0x00000000f5580000, 0x00000000f8900000, 0x0000000100000000)
  eden space 29184K, 99% used [0x00000000f5580000,0x00000000f71fffe0,0x00000000f7200000)
  from space 7168K, 0% used [0x00000000f8000000,0x00000000f8000000,0x00000000f8700000)
  to   space 10752K, 0% used [0x00000000f7200000,0x00000000f7200000,0x00000000f7c80000)
 ParOldGen       total 349696K, used 349695K [0x00000000e0000000, 0x00000000f5580000, 0x00000000f5580000)
  object space 349696K, 99% used [0x00000000e0000000,0x00000000f557fca0,0x00000000f5580000)
 Metaspace       used 58956K, committed 60160K, reserved 1105920K
  class space    used 5537K, committed 6016K, reserved 1048576K
}
Event: 543.956 GC heap before
{Heap before GC invocations=293 (full 179):
 PSYoungGen      total 36352K, used 29183K [0x00000000f5580000, 0x00000000f8900000, 0x0000000100000000)
  eden space 29184K, 99% used [0x00000000f5580000,0x00000000f71fffe0,0x00000000f7200000)
  from space 7168K, 0% used [0x00000000f8000000,0x00000000f8000000,0x00000000f8700000)
  to   space 10752K, 0% used [0x00000000f7200000,0x00000000f7200000,0x00000000f7c80000)
 ParOldGen       total 349696K, used 349695K [0x00000000e0000000, 0x00000000f5580000, 0x00000000f5580000)
  object space 349696K, 99% used [0x00000000e0000000,0x00000000f557fca0,0x00000000f5580000)
 Metaspace       used 58956K, committed 60160K, reserved 1105920K
  class space    used 5537K, committed 6016K, reserved 1048576K
}
Event: 545.800 GC heap after
{Heap after GC invocations=293 (full 179):
 PSYoungGen      total 39936K, used 29183K [0x00000000f5580000, 0x00000000f8900000, 0x0000000100000000)
  eden space 29184K, 99% used [0x00000000f5580000,0x00000000f71fffe0,0x00000000f7200000)
  from space 10752K, 0% used [0x00000000f7200000,0x00000000f7200000,0x00000000f7c80000)
  to   space 7168K, 0% used [0x00000000f8000000,0x00000000f8000000,0x00000000f8700000)
 ParOldGen       total 349696K, used 349695K [0x00000000e0000000, 0x00000000f5580000, 0x00000000f5580000)
  object space 349696K, 99% used [0x00000000e0000000,0x00000000f557fca0,0x00000000f5580000)
 Metaspace       used 58956K, committed 60160K, reserved 1105920K
  class space    used 5537K, committed 6016K, reserved 1048576K
}

