# JRE version: OpenJDK Runtime Environment GraalVM CE 22.3.0 (17.0.5+8) (build 17.0.5+8-jvmci-22.3-b08)
# Java VM: OpenJDK 64-Bit Server VM GraalVM CE 22.3.0 (17.0.5+8-jvmci-22.3-b08, mixed mode, sharing, tiered, jvmci, jvmci compiler, compressed oops, compressed class ptrs, parallel gc, linux-amd64)
GC Precious Log:
 CPUs: 8 total, 1 available
 Memory: 1024M
 Large Page Support: Disabled
 NUMA Support: Disabled
 Compressed Oops: Enabled (32-bit)
 Alignments: Space 512K, Generation 512K, Heap 2M
 Heap Min Capacity: 100M
 Heap Initial Capacity: 100M
 Heap Max Capacity: 512M
 Pre-touch: Disabled
 Parallel Workers: 1
Heap:
 PSYoungGen      total 74240K, used 54783K [0x00000000f5580000, 0x00000000fb300000, 0x0000000100000000)
  eden space 54784K, 99% used [0x00000000f5580000,0x00000000f8affff8,0x00000000f8b00000)
  from space 19456K, 0% used [0x00000000f8b00000,0x00000000f8b00000,0x00000000f9e00000)
  to   space 19456K, 0% used [0x00000000f9f80000,0x00000000f9f80000,0x00000000fb280000)
 ParOldGen       total 349696K, used 349695K [0x00000000e0000000, 0x00000000f5580000, 0x00000000f5580000)
  object space 349696K, 99% used [0x00000000e0000000,0x00000000f557fff0,0x00000000f5580000)
 Metaspace       used 57401K, committed 58496K, reserved 1105920K
  class space    used 5461K, committed 5888K, reserved 1048576K
GC Heap History (20 events):
Event: 969.374 GC heap before
{Heap before GC invocations=356 (full 258):
 PSYoungGen      total 74240K, used 54783K [0x00000000f5580000, 0x00000000fb300000, 0x0000000100000000)
  eden space 54784K, 99% used [0x00000000f5580000,0x00000000f8affff8,0x00000000f8b00000)
  from space 19456K, 0% used [0x00000000f8b00000,0x00000000f8b00000,0x00000000f9e00000)
  to   space 19456K, 0% used [0x00000000f9f80000,0x00000000f9f80000,0x00000000fb280000)
 ParOldGen       total 349696K, used 349696K [0x00000000e0000000, 0x00000000f5580000, 0x00000000f5580000)
  object space 349696K, 100% used [0x00000000e0000000,0x00000000f5580000,0x00000000f5580000)
 Metaspace       used 57401K, committed 58496K, reserved 1105920K
  class space    used 5461K, committed 5888K, reserved 1048576K
}
Event: 975.074 GC heap after
{Heap after GC invocations=356 (full 258):
 PSYoungGen      total 74240K, used 54783K [0x00000000f5580000, 0x00000000fb300000, 0x0000000100000000)
  eden space 54784K, 99% used [0x00000000f5580000,0x00000000f8afffe0,0x00000000f8b00000)
  from space 19456K, 0% used [0x00000000f9f80000,0x00000000f9f80000,0x00000000fb280000)
  to   space 19456K, 0% used [0x00000000f8b00000,0x00000000f8b00000,0x00000000f9e00000)
 ParOldGen       total 349696K, used 349695K [0x00000000e0000000, 0x00000000f5580000, 0x00000000f5580000)
  object space 349696K, 99% used [0x00000000e0000000,0x00000000f557fe28,0x00000000f5580000)
 Metaspace       used 57401K, committed 58496K, reserved 1105920K
  class space    used 5461K, committed 5888K, reserved 1048576K
}
Event: 975.077 GC heap before
{Heap before GC invocations=357 (full 259):
 PSYoungGen      total 74240K, used 54784K [0x00000000f5580000, 0x00000000fb300000, 0x0000000100000000)
  eden space 54784K, 100% used [0x00000000f5580000,0x00000000f8b00000,0x00000000f8b00000)
  from space 19456K, 0% used [0x00000000f9f80000,0x00000000f9f80000,0x00000000fb280000)
  to   space 19456K, 0% used [0x00000000f8b00000,0x00000000f8b00000,0x00000000f9e00000)
 ParOldGen       total 349696K, used 349696K [0x00000000e0000000, 0x00000000f5580000, 0x00000000f5580000)
  object space 349696K, 100% used [0x00000000e0000000,0x00000000f5580000,0x00000000f5580000)
 Metaspace       used 57401K, committed 58496K, reserved 1105920K
  class space    used 5461K, committed 5888K, reserved 1048576K
}
Event: 982.684 GC heap after
{Heap after GC invocations=357 (full 259):
 PSYoungGen      total 74240K, used 54783K [0x00000000f5580000, 0x00000000fb300000, 0x0000000100000000)
  eden space 54784K, 99% used [0x00000000f5580000,0x00000000f8afffc0,0x00000000f8b00000)
  from space 19456K, 0% used [0x00000000f8b00000,0x00000000f8b00000,0x00000000f9e00000)
  to   space 19456K, 0% used [0x00000000f9f80000,0x00000000f9f80000,0x00000000fb280000)
 ParOldGen       total 349696K, used 349695K [0x00000000e0000000, 0x00000000f5580000, 0x00000000f5580000)
  object space 349696K, 99% used [0x00000000e0000000,0x00000000f557ff28,0x00000000f5580000)
 Metaspace       used 57401K, committed 58496K, reserved 1105920K
  class space    used 5461K, committed 5888K, reserved 1048576K
}
Event: 982.684 GC heap before
{Heap before GC invocations=358 (full 260):
 PSYoungGen      total 74240K, used 54783K [0x00000000f5580000, 0x00000000fb300000, 0x0000000100000000)
  eden space 54784K, 99% used [0x00000000f5580000,0x00000000f8affff8,0x00000000f8b00000)
  from space 19456K, 0% used [0x00000000f8b00000,0x00000000f8b00000,0x00000000f9e00000)
  to   space 19456K, 0% used [0x00000000f9f80000,0x00000000f9f80000,0x00000000fb280000)
 ParOldGen       total 349696K, used 349695K [0x00000000e0000000, 0x00000000f5580000, 0x00000000f5580000)
  object space 349696K, 99% used [0x00000000e0000000,0x00000000f557ff28,0x00000000f5580000)
 Metaspace       used 57401K, committed 58496K, reserved 1105920K
  class space    used 5461K, committed 5888K, reserved 1048576K
}
Event: 990.888 GC heap after
{Heap after GC invocations=358 (full 260):
 PSYoungGen      total 74240K, used 54783K [0x00000000f5580000, 0x00000000fb300000, 0x0000000100000000)
  eden space 54784K, 99% used [0x00000000f5580000,0x00000000f8afffc0,0x00000000f8b00000)
  from space 19456K, 0% used [0x00000000f9f80000,0x00000000f9f80000,0x00000000fb280000)
  to   space 19456K, 0% used [0x00000000f8b00000,0x00000000f8b00000,0x00000000f9e00000)
 ParOldGen       total 349696K, used 349695K [0x00000000e0000000, 0x00000000f5580000, 0x00000000f5580000)
  object space 349696K, 99% used [0x00000000e0000000,0x00000000f557fed8,0x00000000f5580000)
 Metaspace       used 57401K, committed 58496K, reserved 1105920K
  class space    used 5461K, committed 5888K, reserved 1048576K
}
Event: 990.888 GC heap before
{Heap before GC invocations=359 (full 261):
 PSYoungGen      total 74240K, used 54784K [0x00000000f5580000, 0x00000000fb300000, 0x0000000100000000)
  eden space 54784K, 100% used [0x00000000f5580000,0x00000000f8b00000,0x00000000f8b00000)
  from space 19456K, 0% used [0x00000000f9f80000,0x00000000f9f80000,0x00000000fb280000)
  to   space 19456K, 0% used [0x00000000f8b00000,0x00000000f8b00000,0x00000000f9e00000)
 ParOldGen       total 349696K, used 349695K [0x00000000e0000000, 0x00000000f5580000, 0x00000000f5580000)
  object space 349696K, 99% used [0x00000000e0000000,0x00000000f557fed8,0x00000000f5580000)
 Metaspace       used 57401K, committed 58496K, reserved 1105920K
  class space    used 5461K, committed 5888K, reserved 1048576K
}
Event: 994.869 GC heap after
{Heap after GC invocations=359 (full 261):
 PSYoungGen      total 74240K, used 54783K [0x00000000f5580000, 0x00000000fb300000, 0x0000000100000000)
  eden space 54784K, 99% used [0x00000000f5580000,0x00000000f8afffe0,0x00000000f8b00000)
  from space 19456K, 0% used [0x00000000f8b00000,0x00000000f8b00000,0x00000000f9e00000)
  to   space 19456K, 0% used [0x00000000f9f80000,0x00000000f9f80000,0x00000000fb280000)
 ParOldGen       total 349696K, used 349695K [0x00000000e0000000, 0x00000000f5580000, 0x00000000f5580000)
  object space 349696K, 99% used [0x00000000e0000000,0x00000000f557fed8,0x00000000f5580000)
 Metaspace       used 57401K, committed 58496K, reserved 1105920K
  class space    used 5461K, committed 5888K, reserved 1048576K
}
Event: 994.870 GC heap before
{Heap before GC invocations=360 (full 262):
 PSYoungGen      total 74240K, used 54783K [0x00000000f5580000, 0x00000000fb300000, 0x0000000100000000)
  eden space 54784K, 99% used [0x00000000f5580000,0x00000000f8affff8,0x00000000f8b00000)
  from space 19456K, 0% used [0x00000000f8b00000,0x00000000f8b00000,0x00000000f9e00000)
  to   space 19456K, 0% used [0x00000000f9f80000,0x00000000f9f80000,0x00000000fb280000)
 ParOldGen       total 349696K, used 349695K [0x00000000e0000000, 0x00000000f5580000, 0x00000000f5580000)
  object space 349696K, 99% used [0x00000000e0000000,0x00000000f557fed8,0x00000000f5580000)
 Metaspace       used 57401K, committed 58496K, reserved 1105920K
  class space    used 5461K, committed 5888K, reserved 1048576K
}
Event: 997.168 GC heap after
{Heap after GC invocations=360 (full 262):
 PSYoungGen      total 74240K, used 54783K [0x00000000f5580000, 0x00000000fb300000, 0x0000000100000000)
  eden space 54784K, 99% used [0x00000000f5580000,0x00000000f8affff8,0x00000000f8b00000)
  from space 19456K, 0% used [0x00000000f9f80000,0x00000000f9f80000,0x00000000fb280000)
  to   space 19456K, 0% used [0x00000000f8b00000,0x00000000f8b00000,0x00000000f9e00000)
 ParOldGen       total 349696K, used 349695K [0x00000000e0000000, 0x00000000f5580000, 0x00000000f5580000)
  object space 349696K, 99% used [0x00000000e0000000,0x00000000f557fed8,0x00000000f5580000)
 Metaspace       used 57401K, committed 58496K, reserved 1105920K
  class space    used 5461K, committed 5888K, reserved 1048576K
}
Event: 997.170 GC heap before
{Heap before GC invocations=361 (full 263):
 PSYoungGen      total 74240K, used 54783K [0x00000000f5580000, 0x00000000fb300000, 0x0000000100000000)
  eden space 54784K, 99% used [0x00000000f5580000,0x00000000f8affff8,0x00000000f8b00000)
  from space 19456K, 0% used [0x00000000f9f80000,0x00000000f9f80000,0x00000000fb280000)
  to   space 19456K, 0% used [0x00000000f8b00000,0x00000000f8b00000,0x00000000f9e00000)
 ParOldGen       total 349696K, used 349695K [0x00000000e0000000, 0x00000000f5580000, 0x00000000f5580000)
  object space 349696K, 99% used [0x00000000e0000000,0x00000000f557fff8,0x00000000f5580000)
 Metaspace       used 57401K, committed 58496K, reserved 1105920K
  class space    used 5461K, committed 5888K, reserved 1048576K
}
Event: 999.521 GC heap after
{Heap after GC invocations=361 (full 263):
 PSYoungGen      total 74240K, used 54783K [0x00000000f5580000, 0x00000000fb300000, 0x0000000100000000)
  eden space 54784K, 99% used [0x00000000f5580000,0x00000000f8afffe0,0x00000000f8b00000)
  from space 19456K, 0% used [0x00000000f8b00000,0x00000000f8b00000,0x00000000f9e00000)
  to   space 19456K, 0% used [0x00000000f9f80000,0x00000000f9f80000,0x00000000fb280000)
 ParOldGen       total 349696K, used 349695K [0x00000000e0000000, 0x00000000f5580000, 0x00000000f5580000)
  object space 349696K, 99% used [0x00000000e0000000,0x00000000f557fff8,0x00000000f5580000)
 Metaspace       used 57401K, committed 58496K, reserved 1105920K
  class space    used 5461K, committed 5888K, reserved 1048576K
}
Event: 999.570 GC heap before
{Heap before GC invocations=362 (full 264):
 PSYoungGen      total 74240K, used 54783K [0x00000000f5580000, 0x00000000fb300000, 0x0000000100000000)
  eden space 54784K, 99% used [0x00000000f5580000,0x00000000f8affff8,0x00000000f8b00000)
  from space 19456K, 0% used [0x00000000f8b00000,0x00000000f8b00000,0x00000000f9e00000)
  to   space 19456K, 0% used [0x00000000f9f80000,0x00000000f9f80000,0x00000000fb280000)
 ParOldGen       total 349696K, used 349695K [0x00000000e0000000, 0x00000000f5580000, 0x00000000f5580000)
  object space 349696K, 99% used [0x00000000e0000000,0x00000000f557fff8,0x00000000f5580000)
 Metaspace       used 57401K, committed 58496K, reserved 1105920K
  class space    used 5461K, committed 5888K, reserved 1048576K
}
Event: 1001.876 GC heap after
{Heap after GC invocations=362 (full 264):
 PSYoungGen      total 74240K, used 54783K [0x00000000f5580000, 0x00000000fb300000, 0x0000000100000000)
  eden space 54784K, 99% used [0x00000000f5580000,0x00000000f8affff8,0x00000000f8b00000)
  from space 19456K, 0% used [0x00000000f9f80000,0x00000000f9f80000,0x00000000fb280000)
  to   space 19456K, 0% used [0x00000000f8b00000,0x00000000f8b00000,0x00000000f9e00000)
 ParOldGen       total 349696K, used 349695K [0x00000000e0000000, 0x00000000f5580000, 0x00000000f5580000)
  object space 349696K, 99% used [0x00000000e0000000,0x00000000f557fff8,0x00000000f5580000)
 Metaspace       used 57401K, committed 58496K, reserved 1105920K
  class space    used 5461K, committed 5888K, reserved 1048576K
}
Event: 1001.876 GC heap before
{Heap before GC invocations=363 (full 265):
 PSYoungGen      total 74240K, used 54783K [0x00000000f5580000, 0x00000000fb300000, 0x0000000100000000)
  eden space 54784K, 99% used [0x00000000f5580000,0x00000000f8affff8,0x00000000f8b00000)
  from space 19456K, 0% used [0x00000000f9f80000,0x00000000f9f80000,0x00000000fb280000)
  to   space 19456K, 0% used [0x00000000f8b00000,0x00000000f8b00000,0x00000000f9e00000)
 ParOldGen       total 349696K, used 349695K [0x00000000e0000000, 0x00000000f5580000, 0x00000000f5580000)
  object space 349696K, 99% used [0x00000000e0000000,0x00000000f557fff8,0x00000000f5580000)
 Metaspace       used 57401K, committed 58496K, reserved 1105920K
  class space    used 5461K, committed 5888K, reserved 1048576K
}
Event: 1004.194 GC heap after
{Heap after GC invocations=363 (full 265):
 PSYoungGen      total 74240K, used 54783K [0x00000000f5580000, 0x00000000fb300000, 0x0000000100000000)
  eden space 54784K, 99% used [0x00000000f5580000,0x00000000f8affff8,0x00000000f8b00000)
  from space 19456K, 0% used [0x00000000f8b00000,0x00000000f8b00000,0x00000000f9e00000)
  to   space 19456K, 0% used [0x00000000f9f80000,0x00000000f9f80000,0x00000000fb280000)
 ParOldGen       total 349696K, used 349695K [0x00000000e0000000, 0x00000000f5580000, 0x00000000f5580000)
  object space 349696K, 99% used [0x00000000e0000000,0x00000000f557ff18,0x00000000f5580000)
 Metaspace       used 57401K, committed 58496K, reserved 1105920K
  class space    used 5461K, committed 5888K, reserved 1048576K
}
Event: 1004.195 GC heap before
{Heap before GC invocations=364 (full 266):
 PSYoungGen      total 74240K, used 54783K [0x00000000f5580000, 0x00000000fb300000, 0x0000000100000000)
  eden space 54784K, 99% used [0x00000000f5580000,0x00000000f8affff8,0x00000000f8b00000)
  from space 19456K, 0% used [0x00000000f8b00000,0x00000000f8b00000,0x00000000f9e00000)
  to   space 19456K, 0% used [0x00000000f9f80000,0x00000000f9f80000,0x00000000fb280000)
 ParOldGen       total 349696K, used 349695K [0x00000000e0000000, 0x00000000f5580000, 0x00000000f5580000)
  object space 349696K, 99% used [0x00000000e0000000,0x00000000f557ff80,0x00000000f5580000)
 Metaspace       used 57401K, committed 58496K, reserved 1105920K
  class space    used 5461K, committed 5888K, reserved 1048576K
}
Event: 1006.269 GC heap after
{Heap after GC invocations=364 (full 266):
 PSYoungGen      total 74240K, used 54783K [0x00000000f5580000, 0x00000000fb300000, 0x0000000100000000)
  eden space 54784K, 99% used [0x00000000f5580000,0x00000000f8afffd8,0x00000000f8b00000)
  from space 19456K, 0% used [0x00000000f9f80000,0x00000000f9f80000,0x00000000fb280000)
  to   space 19456K, 0% used [0x00000000f8b00000,0x00000000f8b00000,0x00000000f9e00000)
 ParOldGen       total 349696K, used 349695K [0x00000000e0000000, 0x00000000f5580000, 0x00000000f5580000)
  object space 349696K, 99% used [0x00000000e0000000,0x00000000f557ff80,0x00000000f5580000)
 Metaspace       used 57401K, committed 58496K, reserved 1105920K
  class space    used 5461K, committed 5888K, reserved 1048576K
}
Event: 1006.269 GC heap before
{Heap before GC invocations=365 (full 267):
 PSYoungGen      total 74240K, used 54783K [0x00000000f5580000, 0x00000000fb300000, 0x0000000100000000)
  eden space 54784K, 99% used [0x00000000f5580000,0x00000000f8afffd8,0x00000000f8b00000)
  from space 19456K, 0% used [0x00000000f9f80000,0x00000000f9f80000,0x00000000fb280000)
  to   space 19456K, 0% used [0x00000000f8b00000,0x00000000f8b00000,0x00000000f9e00000)
 ParOldGen       total 349696K, used 349695K [0x00000000e0000000, 0x00000000f5580000, 0x00000000f5580000)
  object space 349696K, 99% used [0x00000000e0000000,0x00000000f557ff80,0x00000000f5580000)
 Metaspace       used 57401K, committed 58496K, reserved 1105920K
  class space    used 5461K, committed 5888K, reserved 1048576K
}
Event: 1008.667 GC heap after
{Heap after GC invocations=365 (full 267):
 PSYoungGen      total 74240K, used 54783K [0x00000000f5580000, 0x00000000fb300000, 0x0000000100000000)
  eden space 54784K, 99% used [0x00000000f5580000,0x00000000f8afffd8,0x00000000f8b00000)
  from space 19456K, 0% used [0x00000000f8b00000,0x00000000f8b00000,0x00000000f9e00000)
  to   space 19456K, 0% used [0x00000000f9f80000,0x00000000f9f80000,0x00000000fb280000)
 ParOldGen       total 349696K, used 349695K [0x00000000e0000000, 0x00000000f5580000, 0x00000000f5580000)
  object space 349696K, 99% used [0x00000000e0000000,0x00000000f557ff80,0x00000000f5580000)
 Metaspace       used 57401K, committed 58496K, reserved 1105920K
  class space    used 5461K, committed 5888K, reserved 1048576K
}

