# JRE version: OpenJDK Runtime Environment GraalVM CE 22.3.0 (17.0.5+8) (build 17.0.5+8-jvmci-22.3-b08)
# Java VM: OpenJDK 64-Bit Server VM GraalVM CE 22.3.0 (17.0.5+8-jvmci-22.3-b08, mixed mode, sharing, tiered, jvmci, jvmci compiler, compressed oops, compressed class ptrs, parallel gc, linux-amd64)
GC Precious Log:
 CPUs: 8 total, 1 available
 Memory: 1024M
 Large Page Support: Disabled
 NUMA Support: Disabled
 Compressed Oops: Enabled (32-bit)
 Alignments: Space 512K, Generation 512K, Heap 2M
 Heap Min Capacity: 100M
 Heap Initial Capacity: 100M
 Heap Max Capacity: 512M
 Pre-touch: Disabled
 Parallel Workers: 1
Heap:
 PSYoungGen      total 60928K, used 34303K [0x00000000f5580000, 0x00000000fae00000, 0x0000000100000000)
  eden space 34304K, 99% used [0x00000000f5580000,0x00000000f76ffff0,0x00000000f7700000)
  from space 26624K, 0% used [0x00000000f9400000,0x00000000f9400000,0x00000000fae00000)
  to   space 14336K, 0% used [0x00000000f7700000,0x00000000f7700000,0x00000000f8500000)
 ParOldGen       total 349696K, used 349695K [0x00000000e0000000, 0x00000000f5580000, 0x00000000f5580000)
  object space 349696K, 99% used [0x00000000e0000000,0x00000000f557fff0,0x00000000f5580000)
 Metaspace       used 62948K, committed 64128K, reserved 1114112K
  class space    used 6064K, committed 6528K, reserved 1048576K
GC Heap History (20 events):
Event: 849.007 GC heap before
{Heap before GC invocations=433 (full 299):
 PSYoungGen      total 60928K, used 34304K [0x00000000f5580000, 0x00000000fae00000, 0x0000000100000000)
  eden space 34304K, 100% used [0x00000000f5580000,0x00000000f7700000,0x00000000f7700000)
  from space 26624K, 0% used [0x00000000f9400000,0x00000000f9400000,0x00000000fae00000)
  to   space 14336K, 0% used [0x00000000f7700000,0x00000000f7700000,0x00000000f8500000)
 ParOldGen       total 349696K, used 349665K [0x00000000e0000000, 0x00000000f5580000, 0x00000000f5580000)
  object space 349696K, 99% used [0x00000000e0000000,0x00000000f55785d0,0x00000000f5580000)
 Metaspace       used 62948K, committed 64128K, reserved 1114112K
  class space    used 6064K, committed 6528K, reserved 1048576K
}
Event: 851.231 GC heap after
{Heap after GC invocations=433 (full 299):
 PSYoungGen      total 48640K, used 34304K [0x00000000f5580000, 0x00000000fae00000, 0x0000000100000000)
  eden space 34304K, 100% used [0x00000000f5580000,0x00000000f7700000,0x00000000f7700000)
  from space 14336K, 0% used [0x00000000f7700000,0x00000000f7700000,0x00000000f8500000)
  to   space 26624K, 0% used [0x00000000f9400000,0x00000000f9400000,0x00000000fae00000)
 ParOldGen       total 349696K, used 349665K [0x00000000e0000000, 0x00000000f5580000, 0x00000000f5580000)
  object space 349696K, 99% used [0x00000000e0000000,0x00000000f55785d0,0x00000000f5580000)
 Metaspace       used 62948K, committed 64128K, reserved 1114112K
  class space    used 6064K, committed 6528K, reserved 1048576K
}
Event: 851.243 GC heap before
{Heap before GC invocations=434 (full 300):
 PSYoungGen      total 48640K, used 34304K [0x00000000f5580000, 0x00000000fae00000, 0x0000000100000000)
  eden space 34304K, 100% used [0x00000000f5580000,0x00000000f7700000,0x00000000f7700000)
  from space 14336K, 0% used [0x00000000f7700000,0x00000000f7700000,0x00000000f8500000)
  to   space 26624K, 0% used [0x00000000f9400000,0x00000000f9400000,0x00000000fae00000)
 ParOldGen       total 349696K, used 349669K [0x00000000e0000000, 0x00000000f5580000, 0x00000000f5580000)
  object space 349696K, 99% used [0x00000000e0000000,0x00000000f5579688,0x00000000f5580000)
 Metaspace       used 62948K, committed 64128K, reserved 1114112K
  class space    used 6064K, committed 6528K, reserved 1048576K
}
Event: 853.879 GC heap after
{Heap after GC invocations=434 (full 300):
 PSYoungGen      total 60928K, used 34303K [0x00000000f5580000, 0x00000000fae00000, 0x0000000100000000)
  eden space 34304K, 99% used [0x00000000f5580000,0x00000000f76ffd90,0x00000000f7700000)
  from space 26624K, 0% used [0x00000000f9400000,0x00000000f9400000,0x00000000fae00000)
  to   space 14336K, 0% used [0x00000000f7700000,0x00000000f7700000,0x00000000f8500000)
 ParOldGen       total 349696K, used 349667K [0x00000000e0000000, 0x00000000f5580000, 0x00000000f5580000)
  object space 349696K, 99% used [0x00000000e0000000,0x00000000f5578e60,0x00000000f5580000)
 Metaspace       used 62948K, committed 64128K, reserved 1114112K
  class space    used 6064K, committed 6528K, reserved 1048576K
}
Event: 853.879 GC heap before
{Heap before GC invocations=435 (full 301):
 PSYoungGen      total 60928K, used 34303K [0x00000000f5580000, 0x00000000fae00000, 0x0000000100000000)
  eden space 34304K, 99% used [0x00000000f5580000,0x00000000f76fffe8,0x00000000f7700000)
  from space 26624K, 0% used [0x00000000f9400000,0x00000000f9400000,0x00000000fae00000)
  to   space 14336K, 0% used [0x00000000f7700000,0x00000000f7700000,0x00000000f8500000)
 ParOldGen       total 349696K, used 349667K [0x00000000e0000000, 0x00000000f5580000, 0x00000000f5580000)
  object space 349696K, 99% used [0x00000000e0000000,0x00000000f5578e60,0x00000000f5580000)
 Metaspace       used 62948K, committed 64128K, reserved 1114112K
  class space    used 6064K, committed 6528K, reserved 1048576K
}
Event: 856.335 GC heap after
{Heap after GC invocations=435 (full 301):
 PSYoungGen      total 48640K, used 34303K [0x00000000f5580000, 0x00000000fae00000, 0x0000000100000000)
  eden space 34304K, 99% used [0x00000000f5580000,0x00000000f76fffb8,0x00000000f7700000)
  from space 14336K, 0% used [0x00000000f7700000,0x00000000f7700000,0x00000000f8500000)
  to   space 26624K, 0% used [0x00000000f9400000,0x00000000f9400000,0x00000000fae00000)
 ParOldGen       total 349696K, used 349667K [0x00000000e0000000, 0x00000000f5580000, 0x00000000f5580000)
  object space 349696K, 99% used [0x00000000e0000000,0x00000000f5578e60,0x00000000f5580000)
 Metaspace       used 62948K, committed 64128K, reserved 1114112K
  class space    used 6064K, committed 6528K, reserved 1048576K
}
Event: 856.337 GC heap before
{Heap before GC invocations=436 (full 302):
 PSYoungGen      total 48640K, used 34303K [0x00000000f5580000, 0x00000000fae00000, 0x0000000100000000)
  eden space 34304K, 99% used [0x00000000f5580000,0x00000000f76fffe8,0x00000000f7700000)
  from space 14336K, 0% used [0x00000000f7700000,0x00000000f7700000,0x00000000f8500000)
  to   space 26624K, 0% used [0x00000000f9400000,0x00000000f9400000,0x00000000fae00000)
 ParOldGen       total 349696K, used 349667K [0x00000000e0000000, 0x00000000f5580000, 0x00000000f5580000)
  object space 349696K, 99% used [0x00000000e0000000,0x00000000f5578e60,0x00000000f5580000)
 Metaspace       used 62948K, committed 64128K, reserved 1114112K
  class space    used 6064K, committed 6528K, reserved 1048576K
}
Event: 858.786 GC heap after
{Heap after GC invocations=436 (full 302):
 PSYoungGen      total 60928K, used 34303K [0x00000000f5580000, 0x00000000fae00000, 0x0000000100000000)
  eden space 34304K, 99% used [0x00000000f5580000,0x00000000f76fffb0,0x00000000f7700000)
  from space 26624K, 0% used [0x00000000f9400000,0x00000000f9400000,0x00000000fae00000)
  to   space 14336K, 0% used [0x00000000f7700000,0x00000000f7700000,0x00000000f8500000)
 ParOldGen       total 349696K, used 349667K [0x00000000e0000000, 0x00000000f5580000, 0x00000000f5580000)
  object space 349696K, 99% used [0x00000000e0000000,0x00000000f5578e60,0x00000000f5580000)
 Metaspace       used 62948K, committed 64128K, reserved 1114112K
  class space    used 6064K, committed 6528K, reserved 1048576K
}
Event: 858.795 GC heap before
{Heap before GC invocations=437 (full 303):
 PSYoungGen      total 60928K, used 34303K [0x00000000f5580000, 0x00000000fae00000, 0x0000000100000000)
  eden space 34304K, 99% used [0x00000000f5580000,0x00000000f76ffff8,0x00000000f7700000)
  from space 26624K, 0% used [0x00000000f9400000,0x00000000f9400000,0x00000000fae00000)
  to   space 14336K, 0% used [0x00000000f7700000,0x00000000f7700000,0x00000000f8500000)
 ParOldGen       total 349696K, used 349671K [0x00000000e0000000, 0x00000000f5580000, 0x00000000f5580000)
  object space 349696K, 99% used [0x00000000e0000000,0x00000000f5579da8,0x00000000f5580000)
 Metaspace       used 62948K, committed 64128K, reserved 1114112K
  class space    used 6064K, committed 6528K, reserved 1048576K
}
Event: 861.381 GC heap after
{Heap after GC invocations=437 (full 303):
 PSYoungGen      total 48640K, used 34303K [0x00000000f5580000, 0x00000000fae00000, 0x0000000100000000)
  eden space 34304K, 99% used [0x00000000f5580000,0x00000000f76ffe80,0x00000000f7700000)
  from space 14336K, 0% used [0x00000000f7700000,0x00000000f7700000,0x00000000f8500000)
  to   space 26624K, 0% used [0x00000000f9400000,0x00000000f9400000,0x00000000fae00000)
 ParOldGen       total 349696K, used 349671K [0x00000000e0000000, 0x00000000f5580000, 0x00000000f5580000)
  object space 349696K, 99% used [0x00000000e0000000,0x00000000f5579d78,0x00000000f5580000)
 Metaspace       used 62948K, committed 64128K, reserved 1114112K
  class space    used 6064K, committed 6528K, reserved 1048576K
}
Event: 861.382 GC heap before
{Heap before GC invocations=438 (full 304):
 PSYoungGen      total 48640K, used 34304K [0x00000000f5580000, 0x00000000fae00000, 0x0000000100000000)
  eden space 34304K, 100% used [0x00000000f5580000,0x00000000f7700000,0x00000000f7700000)
  from space 14336K, 0% used [0x00000000f7700000,0x00000000f7700000,0x00000000f8500000)
  to   space 26624K, 0% used [0x00000000f9400000,0x00000000f9400000,0x00000000fae00000)
 ParOldGen       total 349696K, used 349671K [0x00000000e0000000, 0x00000000f5580000, 0x00000000f5580000)
  object space 349696K, 99% used [0x00000000e0000000,0x00000000f5579d78,0x00000000f5580000)
 Metaspace       used 62948K, committed 64128K, reserved 1114112K
  class space    used 6064K, committed 6528K, reserved 1048576K
}
Event: 863.702 GC heap after
{Heap after GC invocations=438 (full 304):
 PSYoungGen      total 60928K, used 34304K [0x00000000f5580000, 0x00000000fae00000, 0x0000000100000000)
  eden space 34304K, 100% used [0x00000000f5580000,0x00000000f7700000,0x00000000f7700000)
  from space 26624K, 0% used [0x00000000f9400000,0x00000000f9400000,0x00000000fae00000)
  to   space 14336K, 0% used [0x00000000f7700000,0x00000000f7700000,0x00000000f8500000)
 ParOldGen       total 349696K, used 349671K [0x00000000e0000000, 0x00000000f5580000, 0x00000000f5580000)
  object space 349696K, 99% used [0x00000000e0000000,0x00000000f5579d78,0x00000000f5580000)
 Metaspace       used 62948K, committed 64128K, reserved 1114112K
  class space    used 6064K, committed 6528K, reserved 1048576K
}
Event: 863.705 GC heap before
{Heap before GC invocations=439 (full 305):
 PSYoungGen      total 60928K, used 34304K [0x00000000f5580000, 0x00000000fae00000, 0x0000000100000000)
  eden space 34304K, 100% used [0x00000000f5580000,0x00000000f7700000,0x00000000f7700000)
  from space 26624K, 0% used [0x00000000f9400000,0x00000000f9400000,0x00000000fae00000)
  to   space 14336K, 0% used [0x00000000f7700000,0x00000000f7700000,0x00000000f8500000)
 ParOldGen       total 349696K, used 349680K [0x00000000e0000000, 0x00000000f5580000, 0x00000000f5580000)
  object space 349696K, 99% used [0x00000000e0000000,0x00000000f557c090,0x00000000f5580000)
 Metaspace       used 62948K, committed 64128K, reserved 1114112K
  class space    used 6064K, committed 6528K, reserved 1048576K
}
Event: 866.094 GC heap after
{Heap after GC invocations=439 (full 305):
 PSYoungGen      total 48640K, used 34303K [0x00000000f5580000, 0x00000000fae00000, 0x0000000100000000)
  eden space 34304K, 99% used [0x00000000f5580000,0x00000000f76ffe80,0x00000000f7700000)
  from space 14336K, 0% used [0x00000000f7700000,0x00000000f7700000,0x00000000f8500000)
  to   space 26624K, 0% used [0x00000000f9400000,0x00000000f9400000,0x00000000fae00000)
 ParOldGen       total 349696K, used 349677K [0x00000000e0000000, 0x00000000f5580000, 0x00000000f5580000)
  object space 349696K, 99% used [0x00000000e0000000,0x00000000f557b760,0x00000000f5580000)
 Metaspace       used 62948K, committed 64128K, reserved 1114112K
  class space    used 6064K, committed 6528K, reserved 1048576K
}
Event: 866.095 GC heap before
{Heap before GC invocations=440 (full 306):
 PSYoungGen      total 48640K, used 34304K [0x00000000f5580000, 0x00000000fae00000, 0x0000000100000000)
  eden space 34304K, 100% used [0x00000000f5580000,0x00000000f7700000,0x00000000f7700000)
  from space 14336K, 0% used [0x00000000f7700000,0x00000000f7700000,0x00000000f8500000)
  to   space 26624K, 0% used [0x00000000f9400000,0x00000000f9400000,0x00000000fae00000)
 ParOldGen       total 349696K, used 349695K [0x00000000e0000000, 0x00000000f5580000, 0x00000000f5580000)
  object space 349696K, 99% used [0x00000000e0000000,0x00000000f557fc28,0x00000000f5580000)
 Metaspace       used 62948K, committed 64128K, reserved 1114112K
  class space    used 6064K, committed 6528K, reserved 1048576K
}
Event: 868.311 GC heap after
{Heap after GC invocations=440 (full 306):
 PSYoungGen      total 60928K, used 34303K [0x00000000f5580000, 0x00000000fae00000, 0x0000000100000000)
  eden space 34304K, 99% used [0x00000000f5580000,0x00000000f76fff28,0x00000000f7700000)
  from space 26624K, 0% used [0x00000000f9400000,0x00000000f9400000,0x00000000fae00000)
  to   space 14336K, 0% used [0x00000000f7700000,0x00000000f7700000,0x00000000f8500000)
 ParOldGen       total 349696K, used 349694K [0x00000000e0000000, 0x00000000f5580000, 0x00000000f5580000)
  object space 349696K, 99% used [0x00000000e0000000,0x00000000f557fa00,0x00000000f5580000)
 Metaspace       used 62948K, committed 64128K, reserved 1114112K
  class space    used 6064K, committed 6528K, reserved 1048576K
}
Event: 868.312 GC heap before
{Heap before GC invocations=441 (full 307):
 PSYoungGen      total 60928K, used 34303K [0x00000000f5580000, 0x00000000fae00000, 0x0000000100000000)
  eden space 34304K, 99% used [0x00000000f5580000,0x00000000f76ffff0,0x00000000f7700000)
  from space 26624K, 0% used [0x00000000f9400000,0x00000000f9400000,0x00000000fae00000)
  to   space 14336K, 0% used [0x00000000f7700000,0x00000000f7700000,0x00000000f8500000)
 ParOldGen       total 349696K, used 349694K [0x00000000e0000000, 0x00000000f5580000, 0x00000000f5580000)
  object space 349696K, 99% used [0x00000000e0000000,0x00000000f557fa00,0x00000000f5580000)
 Metaspace       used 62948K, committed 64128K, reserved 1114112K
  class space    used 6064K, committed 6528K, reserved 1048576K
}
Event: 870.689 GC heap after
{Heap after GC invocations=441 (full 307):
 PSYoungGen      total 48640K, used 34303K [0x00000000f5580000, 0x00000000fae00000, 0x0000000100000000)
  eden space 34304K, 99% used [0x00000000f5580000,0x00000000f76fff40,0x00000000f7700000)
  from space 14336K, 0% used [0x00000000f7700000,0x00000000f7700000,0x00000000f8500000)
  to   space 26624K, 0% used [0x00000000f9400000,0x00000000f9400000,0x00000000fae00000)
 ParOldGen       total 349696K, used 349694K [0x00000000e0000000, 0x00000000f5580000, 0x00000000f5580000)
  object space 349696K, 99% used [0x00000000e0000000,0x00000000f557fa00,0x00000000f5580000)
 Metaspace       used 62948K, committed 64128K, reserved 1114112K
  class space    used 6064K, committed 6528K, reserved 1048576K
}
Event: 870.689 GC heap before
{Heap before GC invocations=442 (full 308):
 PSYoungGen      total 48640K, used 34303K [0x00000000f5580000, 0x00000000fae00000, 0x0000000100000000)
  eden space 34304K, 99% used [0x00000000f5580000,0x00000000f76fff40,0x00000000f7700000)
  from space 14336K, 0% used [0x00000000f7700000,0x00000000f7700000,0x00000000f8500000)
  to   space 26624K, 0% used [0x00000000f9400000,0x00000000f9400000,0x00000000fae00000)
 ParOldGen       total 349696K, used 349694K [0x00000000e0000000, 0x00000000f5580000, 0x00000000f5580000)
  object space 349696K, 99% used [0x00000000e0000000,0x00000000f557fa00,0x00000000f5580000)
 Metaspace       used 62948K, committed 64128K, reserved 1114112K
  class space    used 6064K, committed 6528K, reserved 1048576K
}
Event: 872.933 GC heap after
{Heap after GC invocations=442 (full 308):
 PSYoungGen      total 60928K, used 34303K [0x00000000f5580000, 0x00000000fae00000, 0x0000000100000000)
  eden space 34304K, 99% used [0x00000000f5580000,0x00000000f76fff40,0x00000000f7700000)
  from space 26624K, 0% used [0x00000000f9400000,0x00000000f9400000,0x00000000fae00000)
  to   space 14336K, 0% used [0x00000000f7700000,0x00000000f7700000,0x00000000f8500000)
 ParOldGen       total 349696K, used 349694K [0x00000000e0000000, 0x00000000f5580000, 0x00000000f5580000)
  object space 349696K, 99% used [0x00000000e0000000,0x00000000f557f920,0x00000000f5580000)
 Metaspace       used 62948K, committed 64128K, reserved 1114112K
  class space    used 6064K, committed 6528K, reserved 1048576K
}

